<?xml version="1.0" encoding="UTF-8"?>
<testsuite name="com.jeff.shell.GuessCommandTest" tests="2" skipped="0" failures="0" errors="0" timestamp="2016-07-17T07:21:12" hostname="jeff.local" time="0.004">
  <properties/>
  <testcase name="invoke_success" classname="com.jeff.shell.GuessCommandTest" time="0.003"/>
  <testcase name="invoke_failed" classname="com.jeff.shell.GuessCommandTest" time="0.001"/>
  <system-out><![CDATA[4A0B
Congratulation
3A0B
]]></system-out>
  <system-err><![CDATA[]]></system-err>
</testsuite>
